Sample.obj : error LNK2019: "public: virtual __cdecl DX::TDxObject::~TDxObject(void)" (??1TDxObject@DX@@UEAA@XZ)"public: virtual void * __cdecl DX::TDxObject::`scalar deleting destructor'(unsigned int)" (??_GTDxObject@DX@@UEAAPEAXI@Z) 함수에서 참조되는 확인할 수 없는 외부 기호
xObject.obj : error LNK2001: 확인할 수 없는 외부 기호 "public: virtual __cdecl DX::TDxObject::~TDxObject(void)" (??1TDxObject@DX@@UEAA@XZ)
Sample.obj : error LNK2001: 확인할 수 없는 외부 기호 "public: virtual void __cdecl TDevice::ResizeDevice(unsigned int,unsigned int)" (?ResizeDevice@TDevice@@UEAAXII@Z)
Sample.obj : error LNK2019: "public: bool __cdecl TWindow::SetWindow(struct HINSTANCE__ *)" (?SetWindow@TWindow@@QEAA_NPEAUHINSTANCE__@@@Z)wWinMain 함수에서 참조되는 확인할 수 없는 외부 기호
Sample.obj : error LNK2001: 확인할 수 없는 외부 기호 "public: virtual __int64 __cdecl TWindow::MsgProc(struct HWND__ *,unsigned int,unsigned __int64,__int64)" (?MsgProc@TWindow@@UEAA_JPEAUHWND__@@I_K_J@Z)
Sample.obj : error LNK2001: 확인할 수 없는 외부 기호 "public: virtual bool __cdecl TWindow::GameRun(void)" (?GameRun@TWindow@@UEAA_NXZ)
Sample.obj : error LNK2019: "public: __cdecl TInput::TInput(void)" (??0TInput@@QEAA@XZ)"public: static class TInput & __cdecl TSingleton<class TInput>::GetInstance(void)" (?GetInstance@?$TSingleton@VTInput@@@@SAAEAVTInput@@XZ) 함수에서 참조되는 확인할 수 없는 외부 기호
Sample.obj : error LNK2019: "public: virtual __cdecl TInput::~TInput(void)" (??1TInput@@UEAA@XZ)"void __cdecl `public: static class TInput & __cdecl TSingleton<class TInput>::GetInstance(void)'::`2'::`dynamic atexit destructor for 'theSingleton''(void)" (??__FtheSingleton@?1??GetInstance@?$TSingleton@VTInput@@@@SAAEAVTInput@@XZ@YAXXZ) 함수에서 참조되는 확인할 수 없는 외부 기호
Sample.obj : error LNK2001: 확인할 수 없는 외부 기호 "public: virtual bool __cdecl TCore::PreRender(void)" (?PreRender@TCore@@UEAA_NXZ)
Sample.obj : error LNK2001: 확인할 수 없는 외부 기호 "public: virtual bool __cdecl TCore::PostRender(void)" (?PostRender@TCore@@UEAA_NXZ)
Sample.obj : error LNK2001: 확인할 수 없는 외부 기호 "public: virtual void __cdecl TCore::CreateDXResource(void)" (?CreateDXResource@TCore@@UEAAXXZ)
Sample.obj : error LNK2001: 확인할 수 없는 외부 기호 "public: virtual void __cdecl TCore::DeleteDXResource(void)" (?DeleteDXResource@TCore@@UEAAXXZ)
Sample.obj : error LNK2019: "public: bool __cdecl TCore::TRun(void)" (?TRun@TCore@@QEAA_NXZ)wWinMain 함수에서 참조되는 확인할 수 없는 외부 기호
Sample.obj : error LNK2019: "public: __cdecl TCore::TCore(void)" (??0TCore@@QEAA@XZ)"public: __cdecl Sample::Sample(void)" (??0Sample@@QEAA@XZ) 함수에서 참조되는 확인할 수 없는 외부 기호
Sample.obj : error LNK2019: "public: virtual __cdecl TCore::~TCore(void)" (??1TCore@@UEAA@XZ)"int `public: __cdecl Sample::Sample(void)'::`1'::dtor$0" (?dtor$0@?0???0Sample@@QEAA@XZ@4HA) 함수에서 참조되는 확인할 수 없는 외부 기호
Sample.obj : error LNK2001: 확인할 수 없는 외부 기호 "float g_fTimer" (?g_fTimer@@3MA)
Sample.obj : error LNK2001: 확인할 수 없는 외부 기호 "struct tagRECT g_rtClient" (?g_rtClient@@3UtagRECT@@A)
xObject.obj : error LNK2001: 확인할 수 없는 외부 기호 "struct tagRECT g_rtClient" (?g_rtClient@@3UtagRECT@@A)
Sample.obj : error LNK2001: 확인할 수 없는 외부 기호 "struct TBASIS_INPUT_MAP g_InputData" (?g_InputData@@3UTBASIS_INPUT_MAP@@A)
Sample.obj : error LNK2001: 확인할 수 없는 외부 기호 "public: static struct ID3D11SamplerState * TDxState::g_pSamplerState" (?g_pSamplerState@TDxState@@2PEAUID3D11SamplerState@@EA)
Sample.obj : error LNK2001: 확인할 수 없는 외부 기호 "public: static struct ID3D11BlendState * TDxState::g_pBlendState" (?g_pBlendState@TDxState@@2PEAUID3D11BlendState@@EA)
Sample.obj : error LNK2001: 확인할 수 없는 외부 기호 "public: static struct ID3D11DepthStencilState * TDxState::g_pDSSDepthEnable" (?g_pDSSDepthEnable@TDxState@@2PEAUID3D11DepthStencilState@@EA)
Sample.obj : error LNK2001: 확인할 수 없는 외부 기호 "public: static struct ID3D11DepthStencilState * TDxState::g_pDSSDepthDisable" (?g_pDSSDepthDisable@TDxState@@2PEAUID3D11DepthStencilState@@EA)
xObject.obj : error LNK2019: "struct ID3D11Buffer * __cdecl DX::CreateVertexBuffer(struct ID3D11Device *,void *,unsigned int,unsigned int)" (?CreateVertexBuffer@DX@@YAPEAUID3D11Buffer@@PEAUID3D11Device@@PEAXII@Z)"public: virtual long __cdecl xObject::CreateVertexBuffer(void)" (?CreateVertexBuffer@xObject@@UEAAJXZ) 함수에서 참조되는 확인할 수 없는 외부 기호
xObject.obj : error LNK2019: "struct ID3D11Buffer * __cdecl DX::CreateIndexBuffer(struct ID3D11Device *,void *,unsigned int,unsigned int)" (?CreateIndexBuffer@DX@@YAPEAUID3D11Buffer@@PEAUID3D11Device@@PEAXII@Z)"public: virtual long __cdecl xObject::CreateIndexBuffer(void)" (?CreateIndexBuffer@xObject@@UEAAJXZ) 함수에서 참조되는 확인할 수 없는 외부 기호
xObject.obj : error LNK2019: "struct ID3D11Buffer * __cdecl DX::CreateConstantBuffer(struct ID3D11Device *,void *,unsigned int,unsigned int)" (?CreateConstantBuffer@DX@@YAPEAUID3D11Buffer@@PEAUID3D11Device@@PEAXII@Z)"public: virtual long __cdecl xObject::CreateConstantBuffer(void)" (?CreateConstantBuffer@xObject@@UEAAJXZ) 함수에서 참조되는 확인할 수 없는 외부 기호
xObject.obj : error LNK2019: "struct ID3D11InputLayout * __cdecl DX::CreateInputlayout(struct ID3D11Device *,unsigned long,void const *,struct D3D11_INPUT_ELEMENT_DESC *,unsigned int)" (?CreateInputlayout@DX@@YAPEAUID3D11InputLayout@@PEAUID3D11Device@@KPEBXPEAUD3D11_INPUT_ELEMENT_DESC@@I@Z)"public: virtual long __cdecl xObject::SetInputLayout(void)" (?SetInputLayout@xObject@@UEAAJXZ) 함수에서 참조되는 확인할 수 없는 외부 기호
xObject.obj : error LNK2019: "struct ID3D11VertexShader * __cdecl DX::LoadVertexShaderFile(struct ID3D11Device *,wchar_t const *,unsigned long,char const *,char const *,struct ID3D10Blob * *)" (?LoadVertexShaderFile@DX@@YAPEAUID3D11VertexShader@@PEAUID3D11Device@@PEB_WKPEBD2PEAPEAUID3D10Blob@@@Z)"public: virtual long __cdecl xObject::LoadShaderFile(void)" (?LoadShaderFile@xObject@@UEAAJXZ) 함수에서 참조되는 확인할 수 없는 외부 기호
xObject.obj : error LNK2019: "struct ID3D11PixelShader * __cdecl DX::LoadPixelShaderFile(struct ID3D11Device *,wchar_t const *,unsigned long,char const *,char const *,struct ID3D10Blob * *)" (?LoadPixelShaderFile@DX@@YAPEAUID3D11PixelShader@@PEAUID3D11Device@@PEB_WKPEBD2PEAPEAUID3D10Blob@@@Z)"public: virtual long __cdecl xObject::LoadShaderFile(void)" (?LoadShaderFile@xObject@@UEAAJXZ) 함수에서 참조되는 확인할 수 없는 외부 기호
xObject.obj : error LNK2019: "public: bool __cdecl DX::TDxObject::PreRender(struct ID3D11DeviceContext *,unsigned int)" (?PreRender@TDxObject@DX@@QEAA_NPEAUID3D11DeviceContext@@I@Z)"public: virtual bool __cdecl xObject::PreRender(void)" (?PreRender@xObject@@UEAA_NXZ) 함수에서 참조되는 확인할 수 없는 외부 기호
xObject.obj : error LNK2019: "public: bool __cdecl DX::TDxObject::PostRender(struct ID3D11DeviceContext *,unsigned int)" (?PostRender@TDxObject@DX@@QEAA_NPEAUID3D11DeviceContext@@I@Z)"public: virtual bool __cdecl xObject::PostRender(void)" (?PostRender@xObject@@UEAA_NXZ) 함수에서 참조되는 확인할 수 없는 외부 기호
xObject.obj : error LNK2019: "public: __cdecl DX::TDxObject::TDxObject(void)" (??0TDxObject@DX@@QEAA@XZ)"public: __cdecl xObject::xObject(void)" (??0xObject@@QEAA@XZ) 함수에서 참조되는 확인할 수 없는 외부 기호
xObject.obj : error LNK2019: "public: int __cdecl TTextureMgr::Load(struct ID3D11Device *,class std::basic_string<wchar_t,struct std::char_traits<wchar_t>,class std::allocator<wchar_t> >)" (?Load@TTextureMgr@@QEAAHPEAUID3D11Device@@V?$basic_string@_WU?$char_traits@_W@std@@V?$allocator@_W@2@@std@@@Z)"public: virtual bool __cdecl xObject::LoadTexture(struct ID3D11Device *,wchar_t const *,wchar_t const *)" (?LoadTexture@xObject@@UEAA_NPEAUID3D11Device@@PEB_W1@Z) 함수에서 참조되는 확인할 수 없는 외부 기호
xObject.obj : error LNK2019: "public: class TTexture * __cdecl TTextureMgr::GetPtr(int)" (?GetPtr@TTextureMgr@@QEAAPEAVTTexture@@H@Z)"public: virtual bool __cdecl xObject::LoadTexture(struct ID3D11Device *,wchar_t const *,wchar_t const *)" (?LoadTexture@xObject@@UEAA_NPEAUID3D11Device@@PEB_W1@Z) 함수에서 참조되는 확인할 수 없는 외부 기호
xObject.obj : error LNK2019: "private: __cdecl TTextureMgr::TTextureMgr(void)" (??0TTextureMgr@@AEAA@XZ)"public: static class TTextureMgr & __cdecl TSingleton<class TTextureMgr>::GetInstance(void)" (?GetInstance@?$TSingleton@VTTextureMgr@@@@SAAEAVTTextureMgr@@XZ) 함수에서 참조되는 확인할 수 없는 외부 기호
xObject.obj : error LNK2019: "public: __cdecl TTextureMgr::~TTextureMgr(void)" (??1TTextureMgr@@QEAA@XZ)"void __cdecl `public: static class TTextureMgr & __cdecl TSingleton<class TTextureMgr>::GetInstance(void)'::`2'::`dynamic atexit destructor for 'theSingleton''(void)" (??__FtheSingleton@?1??GetInstance@?$TSingleton@VTTextureMgr@@@@SAAEAVTTextureMgr@@XZ@YAXXZ) 함수에서 참조되는 확인할 수 없는 외부 기호
D:\TeacherStudySample\TeacherStudySample\DirectX\x64\Debug\ParentRotation.exe : fatal error LNK1120: 34개의 확인할 수 없는 외부 참조입니다.
