d:\teacherstudysample\teacherstudysample\directx\log\directx.pdb
d:\teacherstudysample\teacherstudysample\directx\log\directx.idb
d:\teacherstudysample\teacherstudysample\directx\log\twrite.obj
d:\teacherstudysample\teacherstudysample\directx\log\twindow.obj
d:\teacherstudysample\teacherstudysample\directx\log\ttimer.obj
d:\teacherstudysample\teacherstudysample\directx\log\ttexturemgr.obj
d:\teacherstudysample\teacherstudysample\directx\log\ttexture.obj
d:\teacherstudysample\teacherstudysample\directx\log\tinput.obj
d:\teacherstudysample\teacherstudysample\directx\log\tdxstate.obj
d:\teacherstudysample\teacherstudysample\directx\log\tdxhelperex.obj
d:\teacherstudysample\teacherstudysample\directx\log\tdxhelper.obj
d:\teacherstudysample\teacherstudysample\directx\log\tdevice.obj
d:\teacherstudysample\teacherstudysample\directx\log\tcore.obj
d:\teacherstudysample\teacherstudysample\directx\output\directx.lib
d:\teacherstudysample\teacherstudysample\directx\output\\directx.lib
d:\teacherstudysample\teacherstudysample\directx\log\directx.tlog\cl.command.1.tlog
d:\teacherstudysample\teacherstudysample\directx\log\directx.tlog\cl.read.1.tlog
d:\teacherstudysample\teacherstudysample\directx\log\directx.tlog\cl.write.1.tlog
d:\teacherstudysample\teacherstudysample\directx\log\directx.tlog\lib-link.read.1.tlog
d:\teacherstudysample\teacherstudysample\directx\log\directx.tlog\lib-link.write.1.tlog
d:\teacherstudysample\teacherstudysample\directx\log\directx.tlog\lib.command.1.tlog
